[2014-01-16 15:43:50.902] [INFO] accessLog - Hello World
[2014-01-16 15:44:10.532] [WARN] accessLog - GET /
[2014-01-16 15:44:10.630] [WARN] accessLog - GET /css/bootstrap.css
[2014-01-16 15:44:10.636] [WARN] accessLog - GET /stylesheets/reset-min.css
[2014-01-16 15:44:10.676] [WARN] accessLog - GET /stylesheets/public-index-min.css
[2014-01-16 15:44:10.731] [WARN] accessLog - GET /javascripts/jquery-1.10.2.js
[2014-01-16 15:44:10.733] [WARN] accessLog - GET /javascripts/bootstrap.js
[2014-01-16 15:44:10.733] [WARN] accessLog - GET /javascripts/public-init-min.js
[2014-01-16 15:44:10.734] [WARN] accessLog - GET /javascripts/init-min.js
[2014-01-16 15:44:10.735] [WARN] accessLog - GET /javascripts/bootstrap-collapse.js
[2014-01-16 15:44:10.736] [WARN] accessLog - GET /stylesheets/index-index-min.css
[2014-01-16 15:44:10.754] [WARN] accessLog - GET /images/ExCASRT.png
[2014-01-16 15:44:10.861] [ERROR] accessLog - GET /images/cursor.ico
[2014-01-16 15:44:10.952] [ERROR] accessLog - GET /stylesheets/images/i-sdcabe518d0.png
[2014-01-16 15:52:00.440] [INFO] accessLog - Hello World
[2014-01-16 15:52:12.602] [WARN] accessLog - GET /
[2014-01-16 15:52:12.674] [WARN] accessLog - GET /css/bootstrap.css
[2014-01-16 15:52:12.675] [WARN] accessLog - GET /stylesheets/reset-min.css
[2014-01-16 15:52:12.678] [WARN] accessLog - GET /stylesheets/public-index-min.css
[2014-01-16 15:52:12.680] [WARN] accessLog - GET /stylesheets/index-index-min.css
[2014-01-16 15:52:12.682] [WARN] accessLog - GET /javascripts/jquery-1.10.2.js
[2014-01-16 15:52:12.689] [WARN] accessLog - GET /javascripts/bootstrap.js
[2014-01-16 15:52:12.690] [WARN] accessLog - GET /javascripts/init-min.js
[2014-01-16 15:52:12.691] [WARN] accessLog - GET /javascripts/bootstrap-collapse.js
[2014-01-16 15:52:12.692] [WARN] accessLog - GET /images/ExCASRT.png
[2014-01-16 15:52:12.695] [WARN] accessLog - GET /javascripts/public-init-min.js
[2014-01-16 15:52:32.918] [INFO] accessLog - GET /mytags/Vampire
[2014-01-16 15:52:32.944] [WARN] accessLog - GET /css/bootstrap.css
[2014-01-16 15:52:32.946] [WARN] accessLog - GET /stylesheets/reset-min.css
[2014-01-16 15:52:32.948] [WARN] accessLog - GET /stylesheets/public-index-min.css
[2014-01-16 15:52:32.952] [WARN] accessLog - GET /stylesheets/index-index-min.css
[2014-01-16 15:52:32.957] [WARN] accessLog - GET /javascripts/jquery-1.10.2.js
[2014-01-16 15:52:32.961] [WARN] accessLog - GET /javascripts/bootstrap.js
[2014-01-16 15:52:32.964] [WARN] accessLog - GET /javascripts/public-init-min.js
[2014-01-16 15:52:32.966] [WARN] accessLog - GET /javascripts/init-min.js
[2014-01-16 15:52:32.973] [WARN] accessLog - GET /javascripts/bootstrap-collapse.js
[2014-01-16 15:52:32.975] [WARN] accessLog - GET /images/ExCASRT.png
[2014-01-16 15:52:35.028] [INFO] accessLog - GET /mytags/Werewolf
[2014-01-16 15:52:35.057] [WARN] accessLog - GET /css/bootstrap.css
[2014-01-16 15:52:35.058] [WARN] accessLog - GET /stylesheets/reset-min.css
[2014-01-16 15:52:35.060] [WARN] accessLog - GET /stylesheets/public-index-min.css
[2014-01-16 15:52:35.062] [WARN] accessLog - GET /stylesheets/index-index-min.css
[2014-01-16 15:52:35.064] [WARN] accessLog - GET /javascripts/jquery-1.10.2.js
[2014-01-16 15:52:35.066] [WARN] accessLog - GET /javascripts/bootstrap.js
[2014-01-16 15:52:35.069] [WARN] accessLog - GET /javascripts/public-init-min.js
[2014-01-16 15:52:35.071] [WARN] accessLog - GET /javascripts/init-min.js
[2014-01-16 15:52:35.072] [WARN] accessLog - GET /javascripts/bootstrap-collapse.js
[2014-01-16 15:52:35.073] [WARN] accessLog - GET /images/ExCASRT.png
[2014-01-16 15:52:45.044] [ERROR] accessLog - GET /blog
[2014-01-17 16:23:37.489] [INFO] accessLog - Hello World
[2014-01-17 16:23:45.684] [WARN] accessLog - GET /
[2014-01-17 16:23:45.763] [WARN] accessLog - GET /css/bootstrap.css
[2014-01-17 16:23:45.766] [WARN] accessLog - GET /stylesheets/reset-min.css
[2014-01-17 16:23:45.768] [WARN] accessLog - GET /stylesheets/public-index-min.css
[2014-01-17 16:23:45.773] [WARN] accessLog - GET /stylesheets/index-index-min.css
[2014-01-17 16:23:45.774] [WARN] accessLog - GET /javascripts/jquery-1.10.2.js
[2014-01-17 16:23:45.776] [WARN] accessLog - GET /javascripts/bootstrap.js
[2014-01-17 16:23:45.797] [WARN] accessLog - GET /javascripts/public-init-min.js
[2014-01-17 16:23:45.798] [WARN] accessLog - GET /javascripts/init-min.js
[2014-01-17 16:23:45.799] [WARN] accessLog - GET /javascripts/bootstrap-collapse.js
[2014-01-17 16:23:45.800] [WARN] accessLog - GET /images/ExCASRT.png
[2014-01-17 23:59:06.897] [INFO] accessLog - Hello World
[2014-01-17 23:59:10.740] [WARN] accessLog - GET /
[2014-01-17 23:59:10.788] [WARN] accessLog - GET /css/bootstrap.css
[2014-01-17 23:59:10.790] [WARN] accessLog - GET /stylesheets/reset-min.css
[2014-01-17 23:59:10.794] [WARN] accessLog - GET /stylesheets/public-index-min.css
[2014-01-17 23:59:10.797] [WARN] accessLog - GET /stylesheets/index-index-min.css
[2014-01-17 23:59:10.798] [WARN] accessLog - GET /javascripts/jquery-1.10.2.js
[2014-01-17 23:59:10.799] [WARN] accessLog - GET /javascripts/bootstrap.js
[2014-01-17 23:59:10.804] [WARN] accessLog - GET /javascripts/public-init-min.js
[2014-01-17 23:59:10.812] [WARN] accessLog - GET /javascripts/init-min.js
[2014-01-17 23:59:10.815] [WARN] accessLog - GET /javascripts/bootstrap-collapse.js
[2014-01-17 23:59:10.818] [WARN] accessLog - GET /images/ExCASRT.png
[2014-01-17 23:59:19.470] [WARN] accessLog - GET /
[2014-01-17 23:59:19.519] [WARN] accessLog - GET /css/bootstrap.css
[2014-01-17 23:59:19.522] [WARN] accessLog - GET /stylesheets/reset-min.css
[2014-01-17 23:59:19.527] [WARN] accessLog - GET /stylesheets/public-index-min.css
[2014-01-17 23:59:19.532] [WARN] accessLog - GET /stylesheets/index-index-min.css
[2014-01-17 23:59:19.539] [WARN] accessLog - GET /javascripts/jquery-1.10.2.js
[2014-01-17 23:59:19.546] [WARN] accessLog - GET /javascripts/bootstrap.js
[2014-01-17 23:59:19.552] [WARN] accessLog - GET /javascripts/public-init-min.js
[2014-01-17 23:59:19.553] [WARN] accessLog - GET /javascripts/init-min.js
[2014-01-17 23:59:19.559] [WARN] accessLog - GET /javascripts/bootstrap-collapse.js
[2014-01-17 23:59:19.563] [WARN] accessLog - GET /images/ExCASRT.png
[2014-01-17 23:59:23.990] [WARN] accessLog - GET /
[2014-01-17 23:59:24.018] [WARN] accessLog - GET /css/bootstrap.css
[2014-01-17 23:59:24.020] [WARN] accessLog - GET /stylesheets/reset-min.css
[2014-01-17 23:59:24.023] [WARN] accessLog - GET /stylesheets/public-index-min.css
[2014-01-17 23:59:24.027] [WARN] accessLog - GET /stylesheets/index-index-min.css
[2014-01-17 23:59:24.030] [WARN] accessLog - GET /javascripts/jquery-1.10.2.js
[2014-01-17 23:59:24.032] [WARN] accessLog - GET /javascripts/bootstrap.js
[2014-01-17 23:59:24.036] [WARN] accessLog - GET /javascripts/public-init-min.js
[2014-01-17 23:59:24.042] [WARN] accessLog - GET /javascripts/init-min.js
[2014-01-17 23:59:24.045] [WARN] accessLog - GET /javascripts/bootstrap-collapse.js
[2014-01-17 23:59:24.048] [WARN] accessLog - GET /images/ExCASRT.png
[2014-01-17 23:59:32.141] [WARN] accessLog - GET /
[2014-01-17 23:59:32.167] [WARN] accessLog - GET /css/bootstrap.css
[2014-01-17 23:59:32.169] [WARN] accessLog - GET /stylesheets/reset-min.css
[2014-01-17 23:59:32.171] [WARN] accessLog - GET /stylesheets/public-index-min.css
[2014-01-17 23:59:32.174] [WARN] accessLog - GET /javascripts/jquery-1.10.2.js
[2014-01-17 23:59:32.177] [WARN] accessLog - GET /stylesheets/index-index-min.css
[2014-01-17 23:59:32.180] [WARN] accessLog - GET /javascripts/bootstrap.js
[2014-01-17 23:59:32.183] [WARN] accessLog - GET /javascripts/public-init-min.js
[2014-01-17 23:59:32.185] [WARN] accessLog - GET /javascripts/init-min.js
[2014-01-17 23:59:32.186] [WARN] accessLog - GET /javascripts/bootstrap-collapse.js
[2014-01-17 23:59:32.188] [WARN] accessLog - GET /images/ExCASRT.png
[2014-01-17 23:59:34.163] [WARN] accessLog - GET /
[2014-01-17 23:59:34.190] [WARN] accessLog - GET /css/bootstrap.css
[2014-01-17 23:59:34.195] [WARN] accessLog - GET /stylesheets/reset-min.css
[2014-01-17 23:59:34.195] [WARN] accessLog - GET /stylesheets/public-index-min.css
[2014-01-17 23:59:34.198] [WARN] accessLog - GET /stylesheets/index-index-min.css
[2014-01-17 23:59:34.199] [WARN] accessLog - GET /javascripts/jquery-1.10.2.js
[2014-01-17 23:59:34.201] [WARN] accessLog - GET /javascripts/bootstrap.js
[2014-01-17 23:59:34.204] [WARN] accessLog - GET /javascripts/public-init-min.js
[2014-01-17 23:59:34.206] [WARN] accessLog - GET /javascripts/init-min.js
[2014-01-17 23:59:34.210] [WARN] accessLog - GET /javascripts/bootstrap-collapse.js
[2014-01-17 23:59:34.211] [WARN] accessLog - GET /images/ExCASRT.png
[2014-01-17 23:59:39.871] [WARN] accessLog - GET /
[2014-01-17 23:59:39.904] [WARN] accessLog - GET /css/bootstrap.css
[2014-01-17 23:59:39.908] [WARN] accessLog - GET /stylesheets/reset-min.css
[2014-01-17 23:59:39.911] [WARN] accessLog - GET /stylesheets/public-index-min.css
[2014-01-17 23:59:39.913] [WARN] accessLog - GET /stylesheets/index-index-min.css
[2014-01-17 23:59:39.918] [WARN] accessLog - GET /javascripts/jquery-1.10.2.js
[2014-01-17 23:59:39.919] [WARN] accessLog - GET /javascripts/bootstrap.js
[2014-01-17 23:59:39.921] [WARN] accessLog - GET /javascripts/public-init-min.js
[2014-01-17 23:59:39.923] [WARN] accessLog - GET /javascripts/init-min.js
[2014-01-17 23:59:39.928] [WARN] accessLog - GET /javascripts/bootstrap-collapse.js
[2014-01-17 23:59:39.932] [WARN] accessLog - GET /images/ExCASRT.png
[2014-01-17 23:59:43.735] [WARN] accessLog - GET /
[2014-01-17 23:59:43.793] [WARN] accessLog - GET /css/bootstrap.css
[2014-01-17 23:59:43.794] [WARN] accessLog - GET /stylesheets/reset-min.css
[2014-01-17 23:59:43.798] [WARN] accessLog - GET /stylesheets/public-index-min.css
[2014-01-17 23:59:43.804] [WARN] accessLog - GET /stylesheets/index-index-min.css
[2014-01-17 23:59:43.807] [WARN] accessLog - GET /javascripts/jquery-1.10.2.js
[2014-01-17 23:59:43.810] [WARN] accessLog - GET /javascripts/bootstrap.js
[2014-01-17 23:59:43.811] [WARN] accessLog - GET /javascripts/public-init-min.js
[2014-01-17 23:59:43.814] [WARN] accessLog - GET /javascripts/init-min.js
[2014-01-17 23:59:43.816] [WARN] accessLog - GET /javascripts/bootstrap-collapse.js
[2014-01-17 23:59:43.818] [WARN] accessLog - GET /images/ExCASRT.png
[2014-01-17 23:59:52.668] [WARN] accessLog - GET /
[2014-01-17 23:59:52.702] [WARN] accessLog - GET /css/bootstrap.css
[2014-01-17 23:59:52.705] [WARN] accessLog - GET /stylesheets/reset-min.css
[2014-01-17 23:59:52.708] [WARN] accessLog - GET /stylesheets/public-index-min.css
[2014-01-17 23:59:52.711] [WARN] accessLog - GET /stylesheets/index-index-min.css
[2014-01-17 23:59:52.713] [WARN] accessLog - GET /javascripts/jquery-1.10.2.js
[2014-01-17 23:59:52.716] [WARN] accessLog - GET /javascripts/bootstrap.js
[2014-01-17 23:59:52.724] [WARN] accessLog - GET /javascripts/public-init-min.js
[2014-01-17 23:59:52.727] [WARN] accessLog - GET /javascripts/init-min.js
[2014-01-17 23:59:52.728] [WARN] accessLog - GET /javascripts/bootstrap-collapse.js
[2014-01-17 23:59:52.731] [WARN] accessLog - GET /images/ExCASRT.png
[2014-01-18 00:00:04.054] [WARN] accessLog - GET /
[2014-01-18 00:00:04.079] [WARN] accessLog - GET /css/bootstrap.css
[2014-01-18 00:00:04.081] [WARN] accessLog - GET /stylesheets/reset-min.css
[2014-01-18 00:00:04.083] [WARN] accessLog - GET /stylesheets/public-index-min.css
[2014-01-18 00:00:04.086] [WARN] accessLog - GET /stylesheets/index-index-min.css
[2014-01-18 00:00:04.089] [WARN] accessLog - GET /javascripts/jquery-1.10.2.js
[2014-01-18 00:00:04.091] [WARN] accessLog - GET /javascripts/bootstrap.js
[2014-01-18 00:00:04.093] [WARN] accessLog - GET /javascripts/public-init-min.js
[2014-01-18 00:00:04.095] [WARN] accessLog - GET /javascripts/init-min.js
[2014-01-18 00:00:04.095] [WARN] accessLog - GET /javascripts/bootstrap-collapse.js
[2014-01-18 00:00:04.097] [WARN] accessLog - GET /images/ExCASRT.png
[2014-01-18 00:00:43.210] [WARN] accessLog - GET /
[2014-01-18 00:00:43.239] [WARN] accessLog - GET /css/bootstrap.css
[2014-01-18 00:00:43.241] [WARN] accessLog - GET /stylesheets/reset-min.css
[2014-01-18 00:00:43.243] [WARN] accessLog - GET /stylesheets/public-index-min.css
[2014-01-18 00:00:43.244] [WARN] accessLog - GET /stylesheets/index-index-min.css
[2014-01-18 00:00:43.247] [WARN] accessLog - GET /javascripts/jquery-1.10.2.js
[2014-01-18 00:00:43.248] [WARN] accessLog - GET /javascripts/bootstrap.js
[2014-01-18 00:00:43.250] [WARN] accessLog - GET /javascripts/public-init-min.js
[2014-01-18 00:00:43.251] [WARN] accessLog - GET /javascripts/init-min.js
[2014-01-18 00:00:43.253] [WARN] accessLog - GET /javascripts/bootstrap-collapse.js
[2014-01-18 00:00:43.255] [WARN] accessLog - GET /images/ExCASRT.png
[2014-01-18 00:01:28.067] [INFO] accessLog - Hello World
[2014-01-18 00:01:33.743] [WARN] accessLog - GET /
[2014-01-18 00:01:33.765] [WARN] accessLog - GET /css/bootstrap.css
[2014-01-18 00:01:33.766] [WARN] accessLog - GET /stylesheets/reset-min.css
[2014-01-18 00:01:33.769] [WARN] accessLog - GET /stylesheets/public-index-min.css
[2014-01-18 00:01:33.774] [WARN] accessLog - GET /stylesheets/index-index-min.css
[2014-01-18 00:01:33.777] [WARN] accessLog - GET /javascripts/jquery-1.10.2.js
[2014-01-18 00:01:33.780] [WARN] accessLog - GET /javascripts/bootstrap.js
[2014-01-18 00:01:33.781] [WARN] accessLog - GET /javascripts/public-init-min.js
[2014-01-18 00:01:33.784] [WARN] accessLog - GET /javascripts/init-min.js
[2014-01-18 00:01:33.785] [WARN] accessLog - GET /javascripts/bootstrap-collapse.js
[2014-01-18 00:01:33.786] [WARN] accessLog - GET /images/ExCASRT.png
